{
  "RSpec": {
    "coverage": {
      "/Users/hamzaaltaf/Desktop/TDD-Rails/nazdeeq-interview/tasker/config/environment.rb": [
        null,
        1,
        null,
        null,
        1
      ],
      "/Users/hamzaaltaf/Desktop/TDD-Rails/nazdeeq-interview/tasker/config/application.rb": [
        1,
        null,
        1,
        null,
        null,
        1,
        null,
        1,
        1,
        null,
        null,
        null,
        null,
        null,
        null,
        null,
        null,
        null,
        null,
        null,
        null,
        null,
        1,
        null,
        null
      ],
      "/Users/hamzaaltaf/Desktop/TDD-Rails/nazdeeq-interview/tasker/config/boot.rb": [
        1,
        null,
        1
      ],
      "/Users/hamzaaltaf/Desktop/TDD-Rails/nazdeeq-interview/tasker/config/environments/test.rb": [
        1,
        null,
        null,
        null,
        null,
        null,
        null,
        1,
        1,
        null,
        null,
        null,
        1,
        null,
        null,
        1,
        1,
        null,
        null,
        1,
        1,
        null,
        null,
        1,
        null,
        null,
        1,
        null,
        null,
        null,
        null,
        1,
        null,
        null,
        1,
        null,
        null,
        1,
        null,
        null,
        null,
        null
      ],
      "/Users/hamzaaltaf/Desktop/TDD-Rails/nazdeeq-interview/tasker/config/initializers/assets.rb": [
        null,
        null,
        null,
        1,
        null,
        null,
        null,
        null,
        null,
        null,
        null
      ],
      "/Users/hamzaaltaf/Desktop/TDD-Rails/nazdeeq-interview/tasker/config/initializers/backtrace_silencers.rb": [
        null,
        null,
        null,
        null,
        null,
        null,
        null
      ],
      "/Users/hamzaaltaf/Desktop/TDD-Rails/nazdeeq-interview/tasker/config/initializers/cookies_serializer.rb": [
        null,
        null,
        1
      ],
      "/Users/hamzaaltaf/Desktop/TDD-Rails/nazdeeq-interview/tasker/config/initializers/devise.rb": [
        null,
        null,
        1,
        null,
        null,
        null,
        null,
        null,
        null,
        null,
        null,
        null,
        null,
        null,
        1,
        null,
        null,
        null,
        null,
        null,
        null,
        null,
        null,
        null,
        null,
        null,
        1,
        null,
        null,
        null,
        null,
        null,
        null,
        null,
        null,
        null,
        null,
        null,
        null,
        null,
        null,
        null,
        null,
        null,
        null,
        null,
        null,
        null,
        1,
        null,
        null,
        null,
        null,
        1,
        null,
        null,
        null,
        null,
        null,
        null,
        null,
        null,
        null,
        null,
        null,
        null,
        null,
        null,
        null,
        null,
        null,
        null,
        null,
        null,
        null,
        null,
        null,
        null,
        null,
        null,
        null,
        null,
        null,
        null,
        1,
        null,
        null,
        null,
        null,
        null,
        null,
        null,
        null,
        null,
        null,
        null,
        null,
        null,
        null,
        null,
        null,
        null,
        null,
        null,
        null,
        null,
        null,
        1,
        null,
        null,
        null,
        null,
        null,
        null,
        null,
        null,
        null,
        null,
        null,
        null,
        null,
        null,
        null,
        null,
        null,
        null,
        null,
        null,
        null,
        null,
        null,
        null,
        null,
        null,
        null,
        null,
        null,
        null,
        1,
        null,
        null,
        null,
        null,
        null,
        null,
        null,
        null,
        null,
        1,
        null,
        null,
        null,
        null,
        null,
        null,
        null,
        null,
        null,
        null,
        1,
        null,
        null,
        null,
        null,
        1,
        null,
        null,
        null,
        null,
        null,
        null,
        null,
        null,
        null,
        null,
        null,
        null,
        null,
        null,
        null,
        null,
        null,
        null,
        null,
        null,
        null,
        null,
        null,
        null,
        null,
        null,
        null,
        null,
        null,
        null,
        null,
        null,
        null,
        null,
        null,
        null,
        null,
        null,
        null,
        null,
        1,
        null,
        null,
        null,
        null,
        null,
        null,
        null,
        null,
        null,
        null,
        null,
        null,
        null,
        null,
        null,
        null,
        null,
        null,
        null,
        null,
        null,
        null,
        null,
        null,
        null,
        null,
        null,
        null,
        null,
        null,
        null,
        null,
        null,
        null,
        null,
        null,
        null,
        null,
        null,
        null,
        null,
        1,
        null,
        null,
        null,
        null,
        null,
        null,
        null,
        null,
        null,
        null,
        null,
        null,
        null,
        null,
        null,
        null,
        null,
        null,
        null,
        null,
        null,
        null,
        null,
        null,
        null,
        null,
        null,
        null,
        null
      ],
      "/Users/hamzaaltaf/Desktop/TDD-Rails/nazdeeq-interview/tasker/config/initializers/filter_parameter_logging.rb": [
        null,
        null,
        null,
        1
      ],
      "/Users/hamzaaltaf/Desktop/TDD-Rails/nazdeeq-interview/tasker/config/initializers/inflections.rb": [
        null,
        null,
        null,
        null,
        null,
        null,
        null,
        null,
        null,
        null,
        null,
        null,
        null,
        null,
        null,
        null
      ],
      "/Users/hamzaaltaf/Desktop/TDD-Rails/nazdeeq-interview/tasker/config/initializers/mime_types.rb": [
        null,
        null,
        null,
        null
      ],
      "/Users/hamzaaltaf/Desktop/TDD-Rails/nazdeeq-interview/tasker/config/initializers/session_store.rb": [
        null,
        null,
        1
      ],
      "/Users/hamzaaltaf/Desktop/TDD-Rails/nazdeeq-interview/tasker/config/initializers/simple_form.rb": [
        null,
        1,
        null,
        null,
        null,
        null,
        null,
        1,
        null,
        null,
        null,
        null,
        null,
        null,
        null,
        null,
        null,
        1,
        null,
        null,
        null,
        1,
        null,
        null,
        null,
        null,
        null,
        null,
        null,
        null,
        null,
        1,
        null,
        null,
        1,
        null,
        null,
        1,
        null,
        null,
        1,
        null,
        null,
        1,
        null,
        null,
        1,
        1,
        1,
        null,
        null,
        null,
        null,
        null,
        null,
        null,
        null,
        null,
        1,
        null,
        null,
        null,
        null,
        null,
        1,
        null,
        null,
        1,
        null,
        null,
        null,
        null,
        null,
        null,
        null,
        1,
        null,
        null,
        1,
        null,
        null,
        null,
        null,
        null,
        null,
        null,
        null,
        null,
        null,
        null,
        null,
        null,
        null,
        null,
        null,
        null,
        null,
        null,
        null,
        null,
        null,
        null,
        null,
        null,
        null,
        null,
        null,
        null,
        null,
        null,
        null,
        null,
        null,
        null,
        null,
        null,
        null,
        null,
        null,
        null,
        null,
        null,
        null,
        1,
        null,
        null,
        null,
        null,
        null,
        null,
        null,
        null,
        null,
        null,
        null,
        null,
        null,
        null,
        null,
        null,
        null,
        null,
        null,
        null,
        null,
        null,
        null,
        null,
        null,
        null,
        null,
        null,
        null,
        null,
        null,
        null,
        null,
        null,
        null,
        null,
        1,
        null,
        null,
        null,
        null,
        null,
        null,
        null,
        null
      ],
      "/Users/hamzaaltaf/Desktop/TDD-Rails/nazdeeq-interview/tasker/config/initializers/wrap_parameters.rb": [
        null,
        null,
        null,
        null,
        null,
        null,
        1,
        2,
        null,
        null,
        null,
        null,
        null,
        null
      ],
      "/Users/hamzaaltaf/Desktop/TDD-Rails/nazdeeq-interview/tasker/spec/factories/tasks.rb": [
        1,
        1,
        1,
        1,
        1,
        1,
        1,
        1,
        null,
        null,
        null
      ],
      "/Users/hamzaaltaf/Desktop/TDD-Rails/nazdeeq-interview/tasker/spec/factories/users.rb": [
        1,
        1,
        25,
        1,
        1,
        1,
        1,
        1,
        1,
        null,
        null,
        null
      ],
      "/Users/hamzaaltaf/Desktop/TDD-Rails/nazdeeq-interview/tasker/config/routes.rb": [
        1,
        1,
        1,
        1,
        null
      ],
      "/Users/hamzaaltaf/Desktop/TDD-Rails/nazdeeq-interview/tasker/app/models/user.rb": [
        1,
        null,
        null,
        1,
        null,
        1,
        null
      ],
      "/Users/hamzaaltaf/Desktop/TDD-Rails/nazdeeq-interview/tasker/app/models/application_record.rb": [
        1,
        1,
        null
      ],
      "/Users/hamzaaltaf/Desktop/TDD-Rails/nazdeeq-interview/tasker/app/helpers/application_helper.rb": [
        1,
        null
      ],
      "/Users/hamzaaltaf/Desktop/TDD-Rails/nazdeeq-interview/tasker/app/helpers/tasks_helper.rb": [
        1,
        null
      ],
      "/Users/hamzaaltaf/Desktop/TDD-Rails/nazdeeq-interview/tasker/app/controllers/tasks_controller.rb": [
        1,
        null,
        1,
        1,
        1,
        1,
        null,
        null,
        1,
        null,
        null,
        null,
        1,
        4,
        null,
        null,
        1,
        2,
        null,
        null,
        1,
        4,
        null,
        null,
        1,
        1,
        null,
        null,
        1,
        1,
        null,
        null,
        1,
        null,
        1,
        3,
        3,
        1,
        null,
        null,
        null,
        1,
        1,
        null,
        null,
        1,
        15,
        null,
        null,
        1,
        2,
        null,
        null
      ],
      "/Users/hamzaaltaf/Desktop/TDD-Rails/nazdeeq-interview/tasker/app/controllers/application_controller.rb": [
        1,
        null,
        null,
        1,
        null
      ],
      "/Users/hamzaaltaf/Desktop/TDD-Rails/nazdeeq-interview/tasker/spec/features/create_test_spec.rb": [
        1,
        1,
        1,
        null,
        1,
        3,
        3,
        3,
        null,
        1,
        2,
        null,
        null,
        1,
        1,
        0,
        0,
        null,
        null,
        1,
        1,
        0,
        null,
        null
      ],
      "/Users/hamzaaltaf/Desktop/TDD-Rails/nazdeeq-interview/tasker/spec/support/new_task_form.rb": [
        1,
        1,
        null,
        1,
        2,
        2,
        null,
        null,
        1,
        2,
        0,
        0,
        0,
        null,
        null,
        1,
        0,
        null,
        0,
        null,
        null,
        null
      ],
      "/Users/hamzaaltaf/Desktop/TDD-Rails/nazdeeq-interview/tasker/spec/support/login_form.rb": [
        1,
        1,
        null,
        1,
        3,
        3,
        null,
        null,
        1,
        3,
        3,
        3,
        3,
        3,
        3,
        null,
        null
      ],
      "/Users/hamzaaltaf/Desktop/TDD-Rails/nazdeeq-interview/tasker/spec/features/home_page_spec.rb": [
        1,
        1,
        1,
        1,
        null,
        null
      ],
      "/Users/hamzaaltaf/Desktop/TDD-Rails/nazdeeq-interview/tasker/spec/features/sign_in_spec.rb": [
        1,
        1,
        null,
        1,
        2,
        2,
        1,
        1,
        1,
        1,
        null,
        null
      ],
      "/Users/hamzaaltaf/Desktop/TDD-Rails/nazdeeq-interview/tasker/spec/features/sign_up_spec.rb": [
        1,
        1,
        null,
        1,
        2,
        1,
        1,
        1,
        null,
        null
      ],
      "/Users/hamzaaltaf/Desktop/TDD-Rails/nazdeeq-interview/tasker/spec/support/sign_up_form.rb": [
        1,
        1,
        null,
        1,
        1,
        1,
        null,
        null,
        1,
        1,
        1,
        1,
        1,
        1,
        1,
        null,
        null
      ],
      "/Users/hamzaaltaf/Desktop/TDD-Rails/nazdeeq-interview/tasker/spec/helpers/tasks_helper_spec.rb": [
        1,
        null,
        null,
        null,
        null,
        null,
        null,
        null,
        null,
        null,
        null,
        null,
        1,
        1,
        null
      ],
      "/Users/hamzaaltaf/Desktop/TDD-Rails/nazdeeq-interview/tasker/spec/models/task_spec.rb": [
        1,
        null,
        1,
        1,
        null,
        1,
        null,
        1,
        1,
        1,
        null,
        null,
        1,
        1,
        1,
        1,
        1,
        null,
        null,
        1,
        1,
        1,
        1,
        1,
        1,
        null,
        null,
        null
      ],
      "/Users/hamzaaltaf/Desktop/TDD-Rails/nazdeeq-interview/tasker/app/models/task.rb": [
        1,
        1,
        1,
        1,
        1,
        null,
        null,
        null,
        1,
        null,
        null,
        1,
        0,
        null,
        null
      ],
      "/Users/hamzaaltaf/Desktop/TDD-Rails/nazdeeq-interview/tasker/spec/models/user_spec.rb": [
        1,
        null,
        1,
        1,
        null
      ],
      "/Users/hamzaaltaf/Desktop/TDD-Rails/nazdeeq-interview/tasker/spec/views/static_pages/index.html.erb_spec.rb": [
        1,
        null,
        1,
        1,
        null
      ],
      "/Users/hamzaaltaf/Desktop/TDD-Rails/nazdeeq-interview/tasker/spec/views/tasks/edit.html.erb_spec.rb": [
        1,
        null,
        1,
        1,
        null
      ],
      "/Users/hamzaaltaf/Desktop/TDD-Rails/nazdeeq-interview/tasker/spec/views/tasks/index.html.erb_spec.rb": [
        1,
        null,
        1,
        1,
        null
      ],
      "/Users/hamzaaltaf/Desktop/TDD-Rails/nazdeeq-interview/tasker/spec/views/tasks/new.html.erb_spec.rb": [
        1,
        null,
        1,
        1,
        null
      ]
    },
    "timestamp": 1513553017
  }
}
